Area 3154782

NumHardBlocks 110
m1 832 63 0
m2 925 126 0
m3 460 126 0
m4 553 63 0
m5 739 0 0
m6 832 0 0
m7 553 0 0
m8 646 0 0
m9 925 189 0
m10 925 63 0
m11 460 63 0
m12 460 189 0
m13 832 126 0
m14 925 0 0
m15 460 0 0
m16 553 126 0
m17 220 202 0
m18 220 303 0
m19 220 0 0
m20 220 101 0
m21 280 303 0
m22 280 0 0
m23 18 547 0
m24 26 3013 0
m25 8 719 0
m26 175 1597 0
m27 220 1029 0
m28 26 2841 0
m29 26 2927 0
m30 385 1029 0
m31 127 1887 0
m32 127 1950 0
m33 34 0 0
m34 313 1551 0
m35 220 1887 0
m97 220 1950 0
m37 36 2808 0
m38 18 428 0
m39 66 2775 0
m40 66 2742 0
m41 288 1179 0
m42 254 1179 0
m43 322 1179 0
m44 220 1179 0
m45 322 1250 0
m46 220 1250 0
m47 34 192 0
m48 82 2397 0
m49 0 1573 0
m50 433 903 0
m51 433 840 0
m52 433 777 0
m53 433 714 0
m54 340 840 0
m55 433 966 0
m56 433 651 0
m57 340 777 0
m58 340 966 0
m59 340 903 0
m60 340 714 0
m61 340 651 0
m62 34 126 0
m63 82 2265 0
m64 82 2331 0
m65 130 2265 0
m66 114 2676 0
m67 18 395 0
m68 127 134 0
m69 216 1791 0
m70 209 1455 0
m71 175 1455 0
m72 209 1526 0
m73 175 1526 0
m74 127 2202 0
m75 127 2139 0
m76 34 324 0
m77 220 1321 0
m78 127 0 0
m79 34 63 0
m80 100 2463 0
m81 100 2534 0
m82 66 2463 0
m83 100 2605 0
m84 66 2534 0
m85 0 0 0
m86 66 2709 0
m87 66 2676 0
m88 127 2076 0
m89 220 2013 0
m90 127 2013 0
m91 34 258 0
m92 8 805 0
m93 44 2841 0
m94 8 891 0
m95 0 71 0
m96 18 633 0
m36 18 461 0
m98 243 1455 0
m99 127 1791 0
m100 134 2328 0
m101 0 583 0
m102 0 157 0
m103 8 977 0
m104 16 977 0
m105 8 1147 0
m106 8 1289 0
m107 0 299 0
m108 8 1431 0
m109 0 441 0
m110 340 0 0
