Area 1686400

NumHardBlocks 65
m1 12 196 0
m2 245 1407 1
m3 72 684 0
m4 123 512 0
m5 726 342 0
m6 726 0 0
m7 504 0 0
m8 504 342 0
m9 726 171 0
m10 652 0 0
m11 578 0 0
m12 504 171 0
m13 24 1028 0
m14 72 1028 0
m15 60 1028 0
m16 12 86 0
m17 24 942 0
m18 24 1506 0
m19 24 1592 0
m20 60 1321 0
m21 48 1567 0
m22 24 1678 0
m23 381 86 0
m24 492 0 0
m25 258 0 0
m26 270 86 0
m27 381 0 0
m28 270 0 0
m29 480 417 0
m30 480 331 0
m31 456 172 0
m32 282 172 0
m33 258 331 0
m34 258 417 0
m35 0 1361 0
m36 258 831 0
m37 24 1764 0
m38 48 1420 0
m39 123 344 0
m40 24 1420 0
m41 60 1260 0
m42 24 1359 0
m43 72 856 0
m44 72 770 0
m45 123 258 0
m46 123 86 0
m47 234 129 0
m48 123 172 0
m49 123 0 0
m50 0 1533 0
m51 0 1447 0
m52 183 1629 0
m53 24 2022 0
m54 24 1936 0
m55 0 1275 0
m56 24 1850 0
m57 48 1481 0
m58 12 0 0
m59 123 598 0
m60 0 1189 0
m61 0 0 0
m62 12 858 0
m63 12 527 0
m64 258 513 0
m65 245 1149 0
